<html>
<body>
<pre>
<h1>Vision Build Log</h1>
<h2>Tool Versions:</h2>
IDE-Version: μVision V5.27.1.0
Copyright (C) 2019 ARM Ltd and ARM Germany GmbH. All rights reserved.
License Information: Bella Bella, Bella, LIC=WH7EV-PPI0B-F61Q4-FQ99H-52IW3-FILML
 
Tool Versions:
Toolchain:       PK51 Prof. Developers Kit  Version: 9.60.0.0
Toolchain Path:  D:\software install\Keil_C51\C51\BIN
C Compiler:      C51.exe V9.60.0.0
Assembler:       A51.exe V8.2.7.0
Linker/Locator:  BL51.exe V6.22.2.0
Library Manager: LIB51.exe V4.30.1.0
Hex Converter:   OH51.exe V2.7.0.0
CPU DLL:         S8051.DLL V3.122.0.0
Dialog DLL:      DP51.DLL V2.67.0.0 
<h2>Project:</h2>
D:\bella_mkbz-Substitute_Design-master\Substitute_Design\代做的毕业设计\仿真实验板\交互式键盘\software\pro.uvproj
Project File Date:  02/02/2020

<h2>Output:</h2>
Rebuild target 'Target 1'
compiling main.c...
compiling delay.c...
compiling lcd.c...
compiling Inter_Key.c...
Inter_Key.c(52): error C141: syntax error near ':', expected 'sizeof'
Inter_Key.c(54): error C141: syntax error near ':', expected 'sizeof'
Inter_Key.c(56): error C141: syntax error near ':', expected 'sizeof'
Inter_Key.c(58): error C141: syntax error near ':', expected 'sizeof'
Inter_Key.c(60): error C141: syntax error near ':', expected 'sizeof'
Inter_Key.c(62): error C141: syntax error near ':', expected 'sizeof'
Inter_Key.c(64): error C141: syntax error near ':', expected 'sizeof'
Target not created.
Build Time Elapsed:  00:00:00
</pre>
</body>
</html>
