<html>
<body>
<pre>
<h1>Vision Build Log</h1>
<h2>Tool Versions:</h2>
IDE-Version: μVision V5.27.1.0
Copyright (C) 2019 ARM Ltd and ARM Germany GmbH. All rights reserved.
License Information: Bella Bella, Bella, LIC=WH7EV-PPI0B-F61Q4-FQ99H-52IW3-FILML
 
Tool Versions:
Toolchain:       PK51 Prof. Developers Kit  Version: 9.60.0.0
Toolchain Path:  D:\software install\Keil_C51\C51\BIN
C Compiler:      C51.exe V9.60.0.0
Assembler:       A51.exe V8.2.7.0
Linker/Locator:  BL51.exe V6.22.2.0
Library Manager: LIB51.exe V4.30.1.0
Hex Converter:   OH51.exe V2.7.0.0
CPU DLL:         S8051.DLL V3.122.0.0
Dialog DLL:      DP51.DLL V2.67.0.0 
<h2>Project:</h2>
D:\bella_mkbz-Substitute_Design-master\Substitute_Design\代做的毕业设计\STC12-GSM\5.接收短信控制LED灯\Source\短信控制LED.uvproj
Project File Date:  08/01/2019

<h2>Output:</h2>
Rebuild target 'Target 1'
compiling main.c...
STC12C5Axx.H(52): error C103: '<string>': unclosed string
STC12C5Axx.H(52): error C129: missing ';' before '<string>'
STC12C5Axx.H(52): error C305: unterminated string/char const
main.c(417): warning C316: unterminated conditionals
compiling delay.c...
STC12C5Axx.H(52): error C103: '<string>': unclosed string
STC12C5Axx.H(52): error C129: missing ';' before '<string>'
STC12C5Axx.H(52): error C305: unterminated string/char const
delay.c(30): warning C316: unterminated conditionals
compiling uart.c...
STC12C5Axx.H(52): error C103: '<string>': unclosed string
STC12C5Axx.H(52): error C129: missing ';' before '<string>'
STC12C5Axx.H(52): error C305: unterminated string/char const
uart.c(69): warning C316: unterminated conditionals
compiling temp.c...
STC12C5Axx.H(52): error C103: '<string>': unclosed string
STC12C5Axx.H(52): error C129: missing ';' before '<string>'
STC12C5Axx.H(52): error C305: unterminated string/char const
temp.c(201): warning C316: unterminated conditionals
Target not created.
Build Time Elapsed:  00:00:00
</pre>
</body>
</html>
